2022-12-17 22:43:59.632  INFO 12612 --- [restartedMain] c.B.RentalHouse.RentalHouseApplication   : Starting RentalHouseApplication using Java 17.0.5 on DESKTOP-T1EG6E5 with PID 12612 (C:\Users\MSI\Projects\online-rental-house\backend\target\classes started by MSI in C:\Users\MSI\Projects\online-rental-house\backend)
2022-12-17 22:43:59.643  INFO 12612 --- [restartedMain] c.B.RentalHouse.RentalHouseApplication   : No active profile set, falling back to 1 default profile: "default"
2022-12-17 22:43:59.784  INFO 12612 --- [restartedMain] .e.DevToolsPropertyDefaultsPostProcessor : Devtools property defaults active! Set 'spring.devtools.add-properties' to 'false' to disable
2022-12-17 22:43:59.785  INFO 12612 --- [restartedMain] .e.DevToolsPropertyDefaultsPostProcessor : For additional web related logging consider setting the 'logging.level.web' property to 'DEBUG'
2022-12-17 22:44:01.652  INFO 12612 --- [restartedMain] .s.d.r.c.RepositoryConfigurationDelegate : Multiple Spring Data modules found, entering strict repository configuration mode
2022-12-17 22:44:01.654  INFO 12612 --- [restartedMain] .s.d.r.c.RepositoryConfigurationDelegate : Bootstrapping Spring Data JDBC repositories in DEFAULT mode.
2022-12-17 22:44:01.690  INFO 12612 --- [restartedMain] .RepositoryConfigurationExtensionSupport : Spring Data JDBC - Could not safely identify store assignment for repository candidate interface com.BSCamp.RentalHouse.repository.CategoryRepo; If you want this repository to be a JDBC repository, consider annotating your entities with one of these annotations: org.springframework.data.relational.core.mapping.Table.
2022-12-17 22:44:01.692  INFO 12612 --- [restartedMain] .RepositoryConfigurationExtensionSupport : Spring Data JDBC - Could not safely identify store assignment for repository candidate interface com.BSCamp.RentalHouse.repository.EstateRepo; If you want this repository to be a JDBC repository, consider annotating your entities with one of these annotations: org.springframework.data.relational.core.mapping.Table.
2022-12-17 22:44:01.694  INFO 12612 --- [restartedMain] .RepositoryConfigurationExtensionSupport : Spring Data JDBC - Could not safely identify store assignment for repository candidate interface com.BSCamp.RentalHouse.repository.UserRepo; If you want this repository to be a JDBC repository, consider annotating your entities with one of these annotations: org.springframework.data.relational.core.mapping.Table.
2022-12-17 22:44:01.695  INFO 12612 --- [restartedMain] .s.d.r.c.RepositoryConfigurationDelegate : Finished Spring Data repository scanning in 35 ms. Found 0 JDBC repository interfaces.
2022-12-17 22:44:01.709  INFO 12612 --- [restartedMain] .s.d.r.c.RepositoryConfigurationDelegate : Multiple Spring Data modules found, entering strict repository configuration mode
2022-12-17 22:44:01.711  INFO 12612 --- [restartedMain] .s.d.r.c.RepositoryConfigurationDelegate : Bootstrapping Spring Data JPA repositories in DEFAULT mode.
2022-12-17 22:44:01.771  INFO 12612 --- [restartedMain] .s.d.r.c.RepositoryConfigurationDelegate : Finished Spring Data repository scanning in 51 ms. Found 3 JPA repository interfaces.
2022-12-17 22:44:03.235  INFO 12612 --- [restartedMain] o.s.b.w.embedded.tomcat.TomcatWebServer  : Tomcat initialized with port(s): 8000 (http)
2022-12-17 22:44:03.261  INFO 12612 --- [restartedMain] o.apache.catalina.core.StandardService   : Starting service [Tomcat]
2022-12-17 22:44:03.261  INFO 12612 --- [restartedMain] org.apache.catalina.core.StandardEngine  : Starting Servlet engine: [Apache Tomcat/9.0.69]
2022-12-17 22:44:03.372  INFO 12612 --- [restartedMain] o.a.c.c.C.[Tomcat].[localhost].[/]       : Initializing Spring embedded WebApplicationContext
2022-12-17 22:44:03.373  INFO 12612 --- [restartedMain] w.s.c.ServletWebServerApplicationContext : Root WebApplicationContext: initialization completed in 3587 ms
2022-12-17 22:44:03.655  INFO 12612 --- [restartedMain] o.hibernate.jpa.internal.util.LogHelper  : HHH000204: Processing PersistenceUnitInfo [name: default]
2022-12-17 22:44:03.776  INFO 12612 --- [restartedMain] org.hibernate.Version                    : HHH000412: Hibernate ORM core version 5.6.14.Final
2022-12-17 22:44:04.092  INFO 12612 --- [restartedMain] o.hibernate.annotations.common.Version   : HCANN000001: Hibernate Commons Annotations {5.1.2.Final}
2022-12-17 22:44:04.280  INFO 12612 --- [restartedMain] com.zaxxer.hikari.HikariDataSource       : HikariPool-1 - Starting...
2022-12-17 22:44:05.331  INFO 12612 --- [restartedMain] com.zaxxer.hikari.HikariDataSource       : HikariPool-1 - Start completed.
2022-12-17 22:44:05.350  INFO 12612 --- [restartedMain] org.hibernate.dialect.Dialect            : HHH000400: Using dialect: org.hibernate.dialect.MySQL5InnoDBDialect
2022-12-17 22:44:09.478  INFO 12612 --- [restartedMain] o.h.e.t.j.p.i.JtaPlatformInitiator       : HHH000490: Using JtaPlatform implementation: [org.hibernate.engine.transaction.jta.platform.internal.NoJtaPlatform]
2022-12-17 22:44:09.522  INFO 12612 --- [restartedMain] j.LocalContainerEntityManagerFactoryBean : Initialized JPA EntityManagerFactory for persistence unit 'default'
2022-12-17 22:44:10.196  WARN 12612 --- [restartedMain] .s.s.UserDetailsServiceAutoConfiguration : 

Using generated security password: f5e306b7-6826-4412-b2c4-6ff928559ef1

This generated password is for development use only. Your security configuration must be updated before running your application in production.

2022-12-17 22:44:10.414  INFO 12612 --- [restartedMain] o.s.s.web.DefaultSecurityFilterChain     : Will secure any request with [org.springframework.security.web.session.DisableEncodeUrlFilter@2083be68, org.springframework.security.web.context.request.async.WebAsyncManagerIntegrationFilter@7c28deac, org.springframework.security.web.context.SecurityContextPersistenceFilter@708d532, org.springframework.security.web.header.HeaderWriterFilter@7a313674, org.springframework.security.web.csrf.CsrfFilter@4356ed03, org.springframework.security.web.authentication.logout.LogoutFilter@648c2fd, org.springframework.security.web.authentication.UsernamePasswordAuthenticationFilter@38d76163, org.springframework.security.web.authentication.ui.DefaultLoginPageGeneratingFilter@372ab8ad, org.springframework.security.web.authentication.ui.DefaultLogoutPageGeneratingFilter@492fd967, org.springframework.security.web.authentication.www.BasicAuthenticationFilter@15292bc7, org.springframework.security.web.savedrequest.RequestCacheAwareFilter@4d233206, org.springframework.security.web.servletapi.SecurityContextHolderAwareRequestFilter@2d68ebf2, org.springframework.security.web.authentication.AnonymousAuthenticationFilter@6814eb3a, org.springframework.security.web.session.SessionManagementFilter@60862390, org.springframework.security.web.access.ExceptionTranslationFilter@4f237f29, org.springframework.security.web.access.intercept.FilterSecurityInterceptor@159b36f0]
2022-12-17 22:44:10.503  WARN 12612 --- [restartedMain] JpaBaseConfiguration$JpaWebConfiguration : spring.jpa.open-in-view is enabled by default. Therefore, database queries may be performed during view rendering. Explicitly configure spring.jpa.open-in-view to disable this warning
2022-12-17 22:44:10.708 DEBUG 12612 --- [restartedMain] s.w.s.m.m.a.RequestMappingHandlerAdapter : ControllerAdvice beans: 0 @ModelAttribute, 0 @InitBinder, 1 RequestBodyAdvice, 1 ResponseBodyAdvice
2022-12-17 22:44:10.907 DEBUG 12612 --- [restartedMain] s.w.s.m.m.a.RequestMappingHandlerMapping : 10 mappings in 'requestMappingHandlerMapping'
2022-12-17 22:44:10.946 DEBUG 12612 --- [restartedMain] o.s.w.s.handler.SimpleUrlHandlerMapping  : Patterns [/webjars/**, /**] in 'resourceHandlerMapping'
2022-12-17 22:44:10.969 DEBUG 12612 --- [restartedMain] .m.m.a.ExceptionHandlerExceptionResolver : ControllerAdvice beans: 0 @ExceptionHandler, 1 ResponseBodyAdvice
2022-12-17 22:44:11.325  INFO 12612 --- [restartedMain] o.s.b.d.a.OptionalLiveReloadServer       : LiveReload server is running on port 35729
2022-12-17 22:44:11.588  INFO 12612 --- [restartedMain] o.s.b.w.embedded.tomcat.TomcatWebServer  : Tomcat started on port(s): 8000 (http) with context path ''
2022-12-17 22:44:11.598  INFO 12612 --- [restartedMain] c.B.RentalHouse.RentalHouseApplication   : Started RentalHouseApplication in 12.853 seconds (JVM running for 14.74)
2022-12-17 22:47:09.023  INFO 12612 --- [http-nio-8000-exec-2] o.a.c.c.C.[Tomcat].[localhost].[/]       : Initializing Spring DispatcherServlet 'dispatcherServlet'
2022-12-17 22:47:09.024  INFO 12612 --- [http-nio-8000-exec-2] o.s.web.servlet.DispatcherServlet        : Initializing Servlet 'dispatcherServlet'
2022-12-17 22:47:09.024 DEBUG 12612 --- [http-nio-8000-exec-2] o.s.web.servlet.DispatcherServlet        : Detected StandardServletMultipartResolver
2022-12-17 22:47:09.024 DEBUG 12612 --- [http-nio-8000-exec-2] o.s.web.servlet.DispatcherServlet        : Detected AcceptHeaderLocaleResolver
2022-12-17 22:47:09.024 DEBUG 12612 --- [http-nio-8000-exec-2] o.s.web.servlet.DispatcherServlet        : Detected FixedThemeResolver
2022-12-17 22:47:09.026 DEBUG 12612 --- [http-nio-8000-exec-2] o.s.web.servlet.DispatcherServlet        : Detected org.springframework.web.servlet.view.DefaultRequestToViewNameTranslator@7ef61a6b
2022-12-17 22:47:09.028 DEBUG 12612 --- [http-nio-8000-exec-2] o.s.web.servlet.DispatcherServlet        : Detected org.springframework.web.servlet.support.SessionFlashMapManager@250dcf3d
2022-12-17 22:47:09.028 DEBUG 12612 --- [http-nio-8000-exec-2] o.s.web.servlet.DispatcherServlet        : enableLoggingRequestDetails='false': request parameters and headers will be masked to prevent unsafe logging of potentially sensitive data
2022-12-17 22:47:09.028  INFO 12612 --- [http-nio-8000-exec-2] o.s.web.servlet.DispatcherServlet        : Completed initialization in 4 ms
2022-12-17 22:48:35.296  INFO 12612 --- [File Watcher] rtingClassPathChangeChangedEventListener : Restarting due to 1 class path change (0 additions, 0 deletions, 1 modification)
2022-12-17 22:48:35.323  INFO 12612 --- [Thread-5] o.apache.catalina.core.StandardService   : Stopping service [Tomcat]
2022-12-17 22:48:35.323  INFO 12612 --- [Thread-5] o.a.c.c.C.[Tomcat].[localhost].[/]       : Destroying Spring FrameworkServlet 'dispatcherServlet'
2022-12-17 22:48:35.348  INFO 12612 --- [Thread-5] j.LocalContainerEntityManagerFactoryBean : Closing JPA EntityManagerFactory for persistence unit 'default'
2022-12-17 22:48:35.352  INFO 12612 --- [Thread-5] com.zaxxer.hikari.HikariDataSource       : HikariPool-1 - Shutdown initiated...
2022-12-17 22:48:35.394  INFO 12612 --- [Thread-5] com.zaxxer.hikari.HikariDataSource       : HikariPool-1 - Shutdown completed.
2022-12-17 22:48:35.511  INFO 12612 --- [restartedMain] c.B.RentalHouse.RentalHouseApplication   : Starting RentalHouseApplication using Java 17.0.5 on DESKTOP-T1EG6E5 with PID 12612 (C:\Users\MSI\Projects\online-rental-house\backend\target\classes started by MSI in C:\Users\MSI\Projects\online-rental-house\backend)
2022-12-17 22:48:35.511  INFO 12612 --- [restartedMain] c.B.RentalHouse.RentalHouseApplication   : No active profile set, falling back to 1 default profile: "default"
2022-12-17 22:48:35.729  INFO 12612 --- [restartedMain] .s.d.r.c.RepositoryConfigurationDelegate : Multiple Spring Data modules found, entering strict repository configuration mode
2022-12-17 22:48:35.729  INFO 12612 --- [restartedMain] .s.d.r.c.RepositoryConfigurationDelegate : Bootstrapping Spring Data JDBC repositories in DEFAULT mode.
2022-12-17 22:48:35.736  INFO 12612 --- [restartedMain] .RepositoryConfigurationExtensionSupport : Spring Data JDBC - Could not safely identify store assignment for repository candidate interface com.BSCamp.RentalHouse.repository.CategoryRepo; If you want this repository to be a JDBC repository, consider annotating your entities with one of these annotations: org.springframework.data.relational.core.mapping.Table.
2022-12-17 22:48:35.738  INFO 12612 --- [restartedMain] .RepositoryConfigurationExtensionSupport : Spring Data JDBC - Could not safely identify store assignment for repository candidate interface com.BSCamp.RentalHouse.repository.EstateRepo; If you want this repository to be a JDBC repository, consider annotating your entities with one of these annotations: org.springframework.data.relational.core.mapping.Table.
2022-12-17 22:48:35.739  INFO 12612 --- [restartedMain] .RepositoryConfigurationExtensionSupport : Spring Data JDBC - Could not safely identify store assignment for repository candidate interface com.BSCamp.RentalHouse.repository.UserRepo; If you want this repository to be a JDBC repository, consider annotating your entities with one of these annotations: org.springframework.data.relational.core.mapping.Table.
2022-12-17 22:48:35.739  INFO 12612 --- [restartedMain] .s.d.r.c.RepositoryConfigurationDelegate : Finished Spring Data repository scanning in 10 ms. Found 0 JDBC repository interfaces.
2022-12-17 22:48:35.743  INFO 12612 --- [restartedMain] .s.d.r.c.RepositoryConfigurationDelegate : Multiple Spring Data modules found, entering strict repository configuration mode
2022-12-17 22:48:35.743  INFO 12612 --- [restartedMain] .s.d.r.c.RepositoryConfigurationDelegate : Bootstrapping Spring Data JPA repositories in DEFAULT mode.
2022-12-17 22:48:35.756  INFO 12612 --- [restartedMain] .s.d.r.c.RepositoryConfigurationDelegate : Finished Spring Data repository scanning in 12 ms. Found 3 JPA repository interfaces.
2022-12-17 22:48:35.846  INFO 12612 --- [restartedMain] o.s.b.w.embedded.tomcat.TomcatWebServer  : Tomcat initialized with port(s): 8000 (http)
2022-12-17 22:48:35.847  INFO 12612 --- [restartedMain] o.apache.catalina.core.StandardService   : Starting service [Tomcat]
2022-12-17 22:48:35.848  INFO 12612 --- [restartedMain] org.apache.catalina.core.StandardEngine  : Starting Servlet engine: [Apache Tomcat/9.0.69]
2022-12-17 22:48:35.870  INFO 12612 --- [restartedMain] o.a.c.c.C.[Tomcat].[localhost].[/]       : Initializing Spring embedded WebApplicationContext
2022-12-17 22:48:35.870  INFO 12612 --- [restartedMain] w.s.c.ServletWebServerApplicationContext : Root WebApplicationContext: initialization completed in 357 ms
2022-12-17 22:48:35.922  INFO 12612 --- [restartedMain] o.hibernate.jpa.internal.util.LogHelper  : HHH000204: Processing PersistenceUnitInfo [name: default]
2022-12-17 22:48:35.927  INFO 12612 --- [restartedMain] com.zaxxer.hikari.HikariDataSource       : HikariPool-2 - Starting...
2022-12-17 22:48:35.949  INFO 12612 --- [restartedMain] com.zaxxer.hikari.HikariDataSource       : HikariPool-2 - Start completed.
2022-12-17 22:48:35.950  INFO 12612 --- [restartedMain] org.hibernate.dialect.Dialect            : HHH000400: Using dialect: org.hibernate.dialect.MySQL5InnoDBDialect
2022-12-17 22:48:37.948  INFO 12612 --- [restartedMain] o.h.e.t.j.p.i.JtaPlatformInitiator       : HHH000490: Using JtaPlatform implementation: [org.hibernate.engine.transaction.jta.platform.internal.NoJtaPlatform]
2022-12-17 22:48:37.948  INFO 12612 --- [restartedMain] j.LocalContainerEntityManagerFactoryBean : Initialized JPA EntityManagerFactory for persistence unit 'default'
2022-12-17 22:48:38.077  WARN 12612 --- [restartedMain] .s.s.UserDetailsServiceAutoConfiguration : 

Using generated security password: c7d378d3-0aed-416e-9619-122dcc3bbd32

This generated password is for development use only. Your security configuration must be updated before running your application in production.

2022-12-17 22:48:38.084  INFO 12612 --- [restartedMain] o.s.s.web.DefaultSecurityFilterChain     : Will secure any request with [org.springframework.security.web.session.DisableEncodeUrlFilter@6f2c5a84, org.springframework.security.web.context.request.async.WebAsyncManagerIntegrationFilter@92b32c0, org.springframework.security.web.context.SecurityContextPersistenceFilter@7a645058, org.springframework.security.web.header.HeaderWriterFilter@278960d0, org.springframework.security.web.csrf.CsrfFilter@5d61e732, org.springframework.security.web.authentication.logout.LogoutFilter@70fb00b1, org.springframework.security.web.authentication.UsernamePasswordAuthenticationFilter@5734cb51, org.springframework.security.web.authentication.ui.DefaultLoginPageGeneratingFilter@6b15d64d, org.springframework.security.web.authentication.ui.DefaultLogoutPageGeneratingFilter@78341ef7, org.springframework.security.web.authentication.www.BasicAuthenticationFilter@1238c642, org.springframework.security.web.savedrequest.RequestCacheAwareFilter@5c93e01b, org.springframework.security.web.servletapi.SecurityContextHolderAwareRequestFilter@30f084b9, org.springframework.security.web.authentication.AnonymousAuthenticationFilter@2ceacd65, org.springframework.security.web.session.SessionManagementFilter@286e7a10, org.springframework.security.web.access.ExceptionTranslationFilter@35e26661, org.springframework.security.web.access.intercept.FilterSecurityInterceptor@47042ca5]
2022-12-17 22:48:38.096  WARN 12612 --- [restartedMain] JpaBaseConfiguration$JpaWebConfiguration : spring.jpa.open-in-view is enabled by default. Therefore, database queries may be performed during view rendering. Explicitly configure spring.jpa.open-in-view to disable this warning
2022-12-17 22:48:38.128 DEBUG 12612 --- [restartedMain] s.w.s.m.m.a.RequestMappingHandlerAdapter : ControllerAdvice beans: 0 @ModelAttribute, 0 @InitBinder, 1 RequestBodyAdvice, 1 ResponseBodyAdvice
2022-12-17 22:48:38.148 DEBUG 12612 --- [restartedMain] s.w.s.m.m.a.RequestMappingHandlerMapping : 10 mappings in 'requestMappingHandlerMapping'
2022-12-17 22:48:38.160 DEBUG 12612 --- [restartedMain] o.s.w.s.handler.SimpleUrlHandlerMapping  : Patterns [/webjars/**, /**] in 'resourceHandlerMapping'
2022-12-17 22:48:38.167 DEBUG 12612 --- [restartedMain] .m.m.a.ExceptionHandlerExceptionResolver : ControllerAdvice beans: 0 @ExceptionHandler, 1 ResponseBodyAdvice
2022-12-17 22:48:38.204  INFO 12612 --- [restartedMain] o.s.b.d.a.OptionalLiveReloadServer       : LiveReload server is running on port 35729
2022-12-17 22:48:38.212  INFO 12612 --- [restartedMain] o.s.b.w.embedded.tomcat.TomcatWebServer  : Tomcat started on port(s): 8000 (http) with context path ''
2022-12-17 22:48:38.215  INFO 12612 --- [restartedMain] c.B.RentalHouse.RentalHouseApplication   : Started RentalHouseApplication in 2.733 seconds (JVM running for 281.356)
2022-12-17 22:48:38.940  INFO 12612 --- [restartedMain] .ConditionEvaluationDeltaLoggingListener : Condition evaluation unchanged
2022-12-17 22:48:41.790  INFO 12612 --- [http-nio-8000-exec-1] o.a.c.c.C.[Tomcat].[localhost].[/]       : Initializing Spring DispatcherServlet 'dispatcherServlet'
2022-12-17 22:48:41.790  INFO 12612 --- [http-nio-8000-exec-1] o.s.web.servlet.DispatcherServlet        : Initializing Servlet 'dispatcherServlet'
2022-12-17 22:48:41.790 DEBUG 12612 --- [http-nio-8000-exec-1] o.s.web.servlet.DispatcherServlet        : Detected StandardServletMultipartResolver
2022-12-17 22:48:41.790 DEBUG 12612 --- [http-nio-8000-exec-1] o.s.web.servlet.DispatcherServlet        : Detected AcceptHeaderLocaleResolver
2022-12-17 22:48:41.790 DEBUG 12612 --- [http-nio-8000-exec-1] o.s.web.servlet.DispatcherServlet        : Detected FixedThemeResolver
2022-12-17 22:48:41.791 DEBUG 12612 --- [http-nio-8000-exec-1] o.s.web.servlet.DispatcherServlet        : Detected org.springframework.web.servlet.view.DefaultRequestToViewNameTranslator@98058c2
2022-12-17 22:48:41.791 DEBUG 12612 --- [http-nio-8000-exec-1] o.s.web.servlet.DispatcherServlet        : Detected org.springframework.web.servlet.support.SessionFlashMapManager@5a2dbe3b
2022-12-17 22:48:41.791 DEBUG 12612 --- [http-nio-8000-exec-1] o.s.web.servlet.DispatcherServlet        : enableLoggingRequestDetails='false': request parameters and headers will be masked to prevent unsafe logging of potentially sensitive data
2022-12-17 22:48:41.791  INFO 12612 --- [http-nio-8000-exec-1] o.s.web.servlet.DispatcherServlet        : Completed initialization in 1 ms
2022-12-17 22:49:17.632  INFO 12612 --- [File Watcher] rtingClassPathChangeChangedEventListener : Restarting due to 1 class path change (0 additions, 0 deletions, 1 modification)
2022-12-17 22:49:17.655  INFO 12612 --- [Thread-7] o.apache.catalina.core.StandardService   : Stopping service [Tomcat]
2022-12-17 22:49:17.656  INFO 12612 --- [Thread-7] o.a.c.c.C.[Tomcat].[localhost].[/]       : Destroying Spring FrameworkServlet 'dispatcherServlet'
2022-12-17 22:49:17.665  INFO 12612 --- [Thread-7] j.LocalContainerEntityManagerFactoryBean : Closing JPA EntityManagerFactory for persistence unit 'default'
2022-12-17 22:49:17.665  INFO 12612 --- [Thread-7] com.zaxxer.hikari.HikariDataSource       : HikariPool-2 - Shutdown initiated...
2022-12-17 22:49:17.667  INFO 12612 --- [Thread-7] com.zaxxer.hikari.HikariDataSource       : HikariPool-2 - Shutdown completed.
2022-12-17 22:49:17.740  INFO 12612 --- [restartedMain] c.B.RentalHouse.RentalHouseApplication   : Starting RentalHouseApplication using Java 17.0.5 on DESKTOP-T1EG6E5 with PID 12612 (C:\Users\MSI\Projects\online-rental-house\backend\target\classes started by MSI in C:\Users\MSI\Projects\online-rental-house\backend)
2022-12-17 22:49:17.740  INFO 12612 --- [restartedMain] c.B.RentalHouse.RentalHouseApplication   : No active profile set, falling back to 1 default profile: "default"
2022-12-17 22:49:17.904  INFO 12612 --- [restartedMain] .s.d.r.c.RepositoryConfigurationDelegate : Multiple Spring Data modules found, entering strict repository configuration mode
2022-12-17 22:49:17.906  INFO 12612 --- [restartedMain] .s.d.r.c.RepositoryConfigurationDelegate : Bootstrapping Spring Data JDBC repositories in DEFAULT mode.
2022-12-17 22:49:17.911  INFO 12612 --- [restartedMain] .RepositoryConfigurationExtensionSupport : Spring Data JDBC - Could not safely identify store assignment for repository candidate interface com.BSCamp.RentalHouse.repository.CategoryRepo; If you want this repository to be a JDBC repository, consider annotating your entities with one of these annotations: org.springframework.data.relational.core.mapping.Table.
2022-12-17 22:49:17.912  INFO 12612 --- [restartedMain] .RepositoryConfigurationExtensionSupport : Spring Data JDBC - Could not safely identify store assignment for repository candidate interface com.BSCamp.RentalHouse.repository.EstateRepo; If you want this repository to be a JDBC repository, consider annotating your entities with one of these annotations: org.springframework.data.relational.core.mapping.Table.
2022-12-17 22:49:17.914  INFO 12612 --- [restartedMain] .RepositoryConfigurationExtensionSupport : Spring Data JDBC - Could not safely identify store assignment for repository candidate interface com.BSCamp.RentalHouse.repository.UserRepo; If you want this repository to be a JDBC repository, consider annotating your entities with one of these annotations: org.springframework.data.relational.core.mapping.Table.
2022-12-17 22:49:17.914  INFO 12612 --- [restartedMain] .s.d.r.c.RepositoryConfigurationDelegate : Finished Spring Data repository scanning in 8 ms. Found 0 JDBC repository interfaces.
2022-12-17 22:49:17.917  INFO 12612 --- [restartedMain] .s.d.r.c.RepositoryConfigurationDelegate : Multiple Spring Data modules found, entering strict repository configuration mode
2022-12-17 22:49:17.917  INFO 12612 --- [restartedMain] .s.d.r.c.RepositoryConfigurationDelegate : Bootstrapping Spring Data JPA repositories in DEFAULT mode.
2022-12-17 22:49:17.927  INFO 12612 --- [restartedMain] .s.d.r.c.RepositoryConfigurationDelegate : Finished Spring Data repository scanning in 9 ms. Found 3 JPA repository interfaces.
2022-12-17 22:49:17.999  INFO 12612 --- [restartedMain] o.s.b.w.embedded.tomcat.TomcatWebServer  : Tomcat initialized with port(s): 8000 (http)
2022-12-17 22:49:18.000  INFO 12612 --- [restartedMain] o.apache.catalina.core.StandardService   : Starting service [Tomcat]
2022-12-17 22:49:18.000  INFO 12612 --- [restartedMain] org.apache.catalina.core.StandardEngine  : Starting Servlet engine: [Apache Tomcat/9.0.69]
2022-12-17 22:49:18.019  INFO 12612 --- [restartedMain] o.a.c.c.C.[Tomcat].[localhost].[/]       : Initializing Spring embedded WebApplicationContext
2022-12-17 22:49:18.019  INFO 12612 --- [restartedMain] w.s.c.ServletWebServerApplicationContext : Root WebApplicationContext: initialization completed in 277 ms
2022-12-17 22:49:18.059  INFO 12612 --- [restartedMain] o.hibernate.jpa.internal.util.LogHelper  : HHH000204: Processing PersistenceUnitInfo [name: default]
2022-12-17 22:49:18.065  INFO 12612 --- [restartedMain] com.zaxxer.hikari.HikariDataSource       : HikariPool-3 - Starting...
2022-12-17 22:49:18.069  INFO 12612 --- [restartedMain] com.zaxxer.hikari.HikariDataSource       : HikariPool-3 - Start completed.
2022-12-17 22:49:18.070  INFO 12612 --- [restartedMain] org.hibernate.dialect.Dialect            : HHH000400: Using dialect: org.hibernate.dialect.MySQL5InnoDBDialect
2022-12-17 22:49:20.362  INFO 12612 --- [restartedMain] o.h.e.t.j.p.i.JtaPlatformInitiator       : HHH000490: Using JtaPlatform implementation: [org.hibernate.engine.transaction.jta.platform.internal.NoJtaPlatform]
2022-12-17 22:49:20.363  INFO 12612 --- [restartedMain] j.LocalContainerEntityManagerFactoryBean : Initialized JPA EntityManagerFactory for persistence unit 'default'
2022-12-17 22:49:20.487  WARN 12612 --- [restartedMain] .s.s.UserDetailsServiceAutoConfiguration : 

Using generated security password: fdb97077-a250-470a-aeb8-5497a10d4f48

This generated password is for development use only. Your security configuration must be updated before running your application in production.

2022-12-17 22:49:20.493  INFO 12612 --- [restartedMain] o.s.s.web.DefaultSecurityFilterChain     : Will secure any request with [org.springframework.security.web.session.DisableEncodeUrlFilter@601ffbb0, org.springframework.security.web.context.request.async.WebAsyncManagerIntegrationFilter@3d38c2d7, org.springframework.security.web.context.SecurityContextPersistenceFilter@29d5568f, org.springframework.security.web.header.HeaderWriterFilter@61fd31c4, org.springframework.security.web.csrf.CsrfFilter@798ec7e7, org.springframework.security.web.authentication.logout.LogoutFilter@d80d9ec, org.springframework.security.web.authentication.UsernamePasswordAuthenticationFilter@2e48f34f, org.springframework.security.web.authentication.ui.DefaultLoginPageGeneratingFilter@f23ab20, org.springframework.security.web.authentication.ui.DefaultLogoutPageGeneratingFilter@54839cb4, org.springframework.security.web.authentication.www.BasicAuthenticationFilter@112c2323, org.springframework.security.web.savedrequest.RequestCacheAwareFilter@79af0dfc, org.springframework.security.web.servletapi.SecurityContextHolderAwareRequestFilter@7154701c, org.springframework.security.web.authentication.AnonymousAuthenticationFilter@2446983c, org.springframework.security.web.session.SessionManagementFilter@26eb0c4a, org.springframework.security.web.access.ExceptionTranslationFilter@284f1cbd, org.springframework.security.web.access.intercept.FilterSecurityInterceptor@45c3172b]
2022-12-17 22:49:20.505  WARN 12612 --- [restartedMain] JpaBaseConfiguration$JpaWebConfiguration : spring.jpa.open-in-view is enabled by default. Therefore, database queries may be performed during view rendering. Explicitly configure spring.jpa.open-in-view to disable this warning
2022-12-17 22:49:20.534 DEBUG 12612 --- [restartedMain] s.w.s.m.m.a.RequestMappingHandlerAdapter : ControllerAdvice beans: 0 @ModelAttribute, 0 @InitBinder, 1 RequestBodyAdvice, 1 ResponseBodyAdvice
2022-12-17 22:49:20.546 DEBUG 12612 --- [restartedMain] s.w.s.m.m.a.RequestMappingHandlerMapping : 10 mappings in 'requestMappingHandlerMapping'
2022-12-17 22:49:20.550 DEBUG 12612 --- [restartedMain] o.s.w.s.handler.SimpleUrlHandlerMapping  : Patterns [/webjars/**, /**] in 'resourceHandlerMapping'
2022-12-17 22:49:20.554 DEBUG 12612 --- [restartedMain] .m.m.a.ExceptionHandlerExceptionResolver : ControllerAdvice beans: 0 @ExceptionHandler, 1 ResponseBodyAdvice
2022-12-17 22:49:20.578  INFO 12612 --- [restartedMain] o.s.b.d.a.OptionalLiveReloadServer       : LiveReload server is running on port 35729
2022-12-17 22:49:20.585  INFO 12612 --- [restartedMain] o.s.b.w.embedded.tomcat.TomcatWebServer  : Tomcat started on port(s): 8000 (http) with context path ''
2022-12-17 22:49:20.587  INFO 12612 --- [restartedMain] c.B.RentalHouse.RentalHouseApplication   : Started RentalHouseApplication in 2.875 seconds (JVM running for 323.728)
2022-12-17 22:49:21.158  INFO 12612 --- [restartedMain] .ConditionEvaluationDeltaLoggingListener : Condition evaluation unchanged
2022-12-17 22:49:52.514  INFO 12612 --- [http-nio-8000-exec-2] o.a.c.c.C.[Tomcat].[localhost].[/]       : Initializing Spring DispatcherServlet 'dispatcherServlet'
2022-12-17 22:49:52.514  INFO 12612 --- [http-nio-8000-exec-2] o.s.web.servlet.DispatcherServlet        : Initializing Servlet 'dispatcherServlet'
2022-12-17 22:49:52.514 DEBUG 12612 --- [http-nio-8000-exec-2] o.s.web.servlet.DispatcherServlet        : Detected StandardServletMultipartResolver
2022-12-17 22:49:52.514 DEBUG 12612 --- [http-nio-8000-exec-2] o.s.web.servlet.DispatcherServlet        : Detected AcceptHeaderLocaleResolver
2022-12-17 22:49:52.514 DEBUG 12612 --- [http-nio-8000-exec-2] o.s.web.servlet.DispatcherServlet        : Detected FixedThemeResolver
2022-12-17 22:49:52.515 DEBUG 12612 --- [http-nio-8000-exec-2] o.s.web.servlet.DispatcherServlet        : Detected org.springframework.web.servlet.view.DefaultRequestToViewNameTranslator@1a26dcbf
2022-12-17 22:49:52.515 DEBUG 12612 --- [http-nio-8000-exec-2] o.s.web.servlet.DispatcherServlet        : Detected org.springframework.web.servlet.support.SessionFlashMapManager@67bb8566
2022-12-17 22:49:52.515 DEBUG 12612 --- [http-nio-8000-exec-2] o.s.web.servlet.DispatcherServlet        : enableLoggingRequestDetails='false': request parameters and headers will be masked to prevent unsafe logging of potentially sensitive data
2022-12-17 22:49:52.515  INFO 12612 --- [http-nio-8000-exec-2] o.s.web.servlet.DispatcherServlet        : Completed initialization in 1 ms
